Device ID Table Binary File Export Log
DATE at 11-6-18 06:18:35
========================================================
 Name = Get Device ID(0701h)
========================================================
    Record Index = 0 (Device ID)
    [1] Device ID = 0x20
    [2] Device Revision = 0x00
       <1> Device SDRs = 0x0
       <2> Reserved = 0x0
       <3> Device Revision = 0x0
    [3] Major Firmware Revision = 0x00
       <1> Device available = 0x0
       <2> Major firmware revision = 0x00
    [4] Minor Firmware Revision = 0x16
    [5] IPMI Version = 0x02
       <1> Least Significant digit of revision = 0x0
       <2> Most Significant digit of revision = 0x2
    [6] Additional Device Support = 0x4E
       <1> Chassis Device = 0x0 (Off)
       <2> Bridge = 0x1 (On)
       <3> IPMB Event Generator = 0x0 (Off)
       <4> IPMB Event Receiver = 0x0 (Off)
       <5> FRU Inventory Device = 0x1 (On)
       <6> SEL Device = 0x1 (On)
       <7> SDR Repository Device = 0x1 (On)
       <8> Sensor Device = 0x0 (Off)
    [7] Manufacturer ID = 0x000000
    [8] Product ID = 0x0000
    [9] Auxiliary Firmware Revision Information = 0x00000000
  ------------------------------------------------------
========================================================
 Total Record Count = 1
========================================================
========================================================
 Total Record Count = 0
========================================================
